# JRE version: Java(TM) SE Runtime Environment (8.0_411) (build 1.8.0_411-b09)
# Java VM: Java HotSpot(TM) 64-Bit Server VM (25.411-b09 mixed mode bsd-aarch64 compressed oops)
Heap:
 PSYoungGen      total 284160K, used 220016K [0x000000076ab00000, 0x000000078f100000, 0x00000007c0000000)
  eden space 256000K, 74% used [0x000000076ab00000,0x0000000776664390,0x000000077a500000)
  from space 28160K, 99% used [0x000000077a500000,0x000000077c078010,0x000000077c080000)
  to   space 41984K, 0% used [0x000000078c800000,0x000000078c800000,0x000000078f100000)
 ParOldGen       total 175104K, used 40344K [0x00000006c0000000, 0x00000006cab00000, 0x000000076ab00000)
  object space 175104K, 23% used [0x00000006c0000000,0x00000006c2766260,0x00000006cab00000)
 Metaspace       used 14805K, capacity 15474K, committed 15744K, reserved 1062912K
  class space    used 1962K, capacity 2120K, committed 2176K, reserved 1048576K
GC Heap History (10 events):
Event: 1.144 GC heap before
{Heap before GC invocations=3 (full 0):
 PSYoungGen      total 76288K, used 75577K [0x000000076ab00000, 0x0000000774000000, 0x00000007c0000000)
  eden space 65536K, 100% used [0x000000076ab00000,0x000000076eb00000,0x000000076eb00000)
  from space 10752K, 93% used [0x000000076f580000,0x000000076ff4e638,0x0000000770000000)
  to   space 10752K, 0% used [0x000000076eb00000,0x000000076eb00000,0x000000076f580000)
 ParOldGen       total 175104K, used 32K [0x00000006c0000000, 0x00000006cab00000, 0x000000076ab00000)
  object space 175104K, 0% used [0x00000006c0000000,0x00000006c0008010,0x00000006cab00000)
 Metaspace       used 13468K, capacity 14082K, committed 14336K, reserved 1060864K
  class space    used 1836K, capacity 2006K, committed 2048K, reserved 1048576K
Event: 1.147 GC heap after
Heap after GC invocations=3 (full 0):
 PSYoungGen      total 76288K, used 10742K [0x000000076ab00000, 0x0000000774000000, 0x00000007c0000000)
  eden space 65536K, 0% used [0x000000076ab00000,0x000000076ab00000,0x000000076eb00000)
  from space 10752K, 99% used [0x000000076eb00000,0x000000076f57dba8,0x000000076f580000)
  to   space 10752K, 0% used [0x0000000773580000,0x0000000773580000,0x0000000774000000)
 ParOldGen       total 175104K, used 1304K [0x00000006c0000000, 0x00000006cab00000, 0x000000076ab00000)
  object space 175104K, 0% used [0x00000006c0000000,0x00000006c0146070,0x00000006cab00000)
 Metaspace       used 13468K, capacity 14082K, committed 14336K, reserved 1060864K
  class space    used 1836K, capacity 2006K, committed 2048K, reserved 1048576K
}
Event: 1.362 GC heap before
{Heap before GC invocations=4 (full 0):
 PSYoungGen      total 76288K, used 76278K [0x000000076ab00000, 0x0000000774000000, 0x00000007c0000000)
  eden space 65536K, 100% used [0x000000076ab00000,0x000000076eb00000,0x000000076eb00000)
  from space 10752K, 99% used [0x000000076eb00000,0x000000076f57dba8,0x000000076f580000)
  to   space 10752K, 0% used [0x0000000773580000,0x0000000773580000,0x0000000774000000)
 ParOldGen       total 175104K, used 1313K [0x00000006c0000000, 0x00000006cab00000, 0x000000076ab00000)
  object space 175104K, 0% used [0x00000006c0000000,0x00000006c0148430,0x00000006cab00000)
 Metaspace       used 13563K, capacity 14150K, committed 14336K, reserved 1060864K
  class space    used 1836K, capacity 2006K, committed 2048K, reserved 1048576K
Event: 1.368 GC heap after
Heap after GC invocations=4 (full 0):
 PSYoungGen      total 141824K, used 10726K [0x000000076ab00000, 0x0000000774000000, 0x00000007c0000000)
  eden space 131072K, 0% used [0x000000076ab00000,0x000000076ab00000,0x0000000772b00000)
  from space 10752K, 99% used [0x0000000773580000,0x0000000773ff9b98,0x0000000774000000)
  to   space 10752K, 0% used [0x0000000772b00000,0x0000000772b00000,0x0000000773580000)
 ParOldGen       total 175104K, used 5741K [0x00000006c0000000, 0x00000006cab00000, 0x000000076ab00000)
  object space 175104K, 3% used [0x00000006c0000000,0x00000006c059b750,0x00000006cab00000)
 Metaspace       used 13563K, capacity 14150K, committed 14336K, reserved 1060864K
  class space    used 1836K, capacity 2006K, committed 2048K, reserved 1048576K
}
Event: 1.817 GC heap before
{Heap before GC invocations=5 (full 0):
 PSYoungGen      total 141824K, used 141798K [0x000000076ab00000, 0x0000000774000000, 0x00000007c0000000)
  eden space 131072K, 100% used [0x000000076ab00000,0x0000000772b00000,0x0000000772b00000)
  from space 10752K, 99% used [0x0000000773580000,0x0000000773ff9b98,0x0000000774000000)
  to   space 10752K, 0% used [0x0000000772b00000,0x0000000772b00000,0x0000000773580000)
 ParOldGen       total 175104K, used 5741K [0x00000006c0000000, 0x00000006cab00000, 0x000000076ab00000)
  object space 175104K, 3% used [0x00000006c0000000,0x00000006c059b750,0x00000006cab00000)
 Metaspace       used 14440K, capacity 14990K, committed 15232K, reserved 1062912K
  class space    used 1953K, capacity 2116K, committed 2176K, reserved 1048576K
Event: 1.834 GC heap after
Heap after GC invocations=5 (full 0):
 PSYoungGen      total 141824K, used 10751K [0x000000076ab00000, 0x000000077d600000, 0x00000007c0000000)
  eden space 131072K, 0% used [0x000000076ab00000,0x000000076ab00000,0x0000000772b00000)
  from space 10752K, 99% used [0x0000000772b00000,0x000000077357fdf8,0x0000000773580000)
  to   space 22016K, 0% used [0x000000077c080000,0x000000077c080000,0x000000077d600000)
 ParOldGen       total 175104K, used 16870K [0x00000006c0000000, 0x00000006cab00000, 0x000000076ab00000)
  object space 175104K, 9% used [0x00000006c0000000,0x00000006c1079bd0,0x00000006cab00000)
 Metaspace       used 14440K, capacity 14990K, committed 15232K, reserved 1062912K
  class space    used 1953K, capacity 2116K, committed 2176K, reserved 1048576K
}
Event: 2.710 GC heap before
{Heap before GC invocations=6 (full 0):
 PSYoungGen      total 141824K, used 141823K [0x000000076ab00000, 0x000000077d600000, 0x00000007c0000000)
  eden space 131072K, 100% used [0x000000076ab00000,0x0000000772b00000,0x0000000772b00000)
  from space 10752K, 99% used [0x0000000772b00000,0x000000077357fdf8,0x0000000773580000)
  to   space 22016K, 0% used [0x000000077c080000,0x000000077c080000,0x000000077d600000)
 ParOldGen       total 175104K, used 16870K [0x00000006c0000000, 0x00000006cab00000, 0x000000076ab00000)
  object space 175104K, 9% used [0x00000006c0000000,0x00000006c1079bd0,0x00000006cab00000)
 Metaspace       used 14691K, capacity 15258K, committed 15488K, reserved 1062912K
  class space    used 1955K, capacity 2116K, committed 2176K, reserved 1048576K
Event: 2.726 GC heap after
Heap after GC invocations=6 (full 0):
 PSYoungGen      total 278016K, used 21999K [0x000000076ab00000, 0x000000077e200000, 0x00000007c0000000)
  eden space 256000K, 0% used [0x000000076ab00000,0x000000076ab00000,0x000000077a500000)
  from space 22016K, 99% used [0x000000077c080000,0x000000077d5fbdf8,0x000000077d600000)
  to   space 28160K, 0% used [0x000000077a500000,0x000000077a500000,0x000000077c080000)
 ParOldGen       total 175104K, used 21743K [0x00000006c0000000, 0x00000006cab00000, 0x000000076ab00000)
  object space 175104K, 12% used [0x00000006c0000000,0x00000006c153bed0,0x00000006cab00000)
 Metaspace       used 14691K, capacity 15258K, committed 15488K, reserved 1062912K
  class space    used 1955K, capacity 2116K, committed 2176K, reserved 1048576K
}
Event: 4.557 GC heap before
{Heap before GC invocations=7 (full 0):
 PSYoungGen      total 278016K, used 277999K [0x000000076ab00000, 0x000000077e200000, 0x00000007c0000000)
  eden space 256000K, 100% used [0x000000076ab00000,0x000000077a500000,0x000000077a500000)
  from space 22016K, 99% used [0x000000077c080000,0x000000077d5fbdf8,0x000000077d600000)
  to   space 28160K, 0% used [0x000000077a500000,0x000000077a500000,0x000000077c080000)
 ParOldGen       total 175104K, used 21743K [0x00000006c0000000, 0x00000006cab00000, 0x000000076ab00000)
  object space 175104K, 12% used [0x00000006c0000000,0x00000006c153bed0,0x00000006cab00000)
 Metaspace       used 14760K, capacity 15322K, committed 15488K, reserved 1062912K
  class space    used 1956K, capacity 2116K, committed 2176K, reserved 1048576K
Event: 4.582 GC heap after
Heap after GC invocations=7 (full 0):
 PSYoungGen      total 284160K, used 28128K [0x000000076ab00000, 0x000000078f100000, 0x00000007c0000000)
  eden space 256000K, 0% used [0x000000076ab00000,0x000000076ab00000,0x000000077a500000)
  from space 28160K, 99% used [0x000000077a500000,0x000000077c078010,0x000000077c080000)
  to   space 41984K, 0% used [0x000000078c800000,0x000000078c800000,0x000000078f100000)
 ParOldGen       total 175104K, used 40344K [0x00000006c0000000, 0x00000006cab00000, 0x000000076ab00000)
  object space 175104K, 23% used [0x00000006c0000000,0x00000006c2766260,0x00000006cab00000)
 Metaspace       used 14760K, capacity 15322K, committed 15488K, reserved 1062912K
  class space    used 1956K, capacity 2116K, committed 2176K, reserved 1048576K
}

